=== ЛОГ ДОСТУПА К САЙТУ ЗАПУЩЕН ===
[2025-12-13 10:46:21] | НАЧАЛО ВХОДА         | mail@carsite.com          | Неизвестно
[2025-12-13 10:46:32] | УСПЕШНЫЙ ВХОД        | mail@carsite.com          | Неизвестно
[2025-12-13 10:46:32] | ДОСТУП РАЗРЕШЕН      | mail@carsite.com          | Неизвестно
[2025-12-13 11:02:22] | АДМИН ВОШЁЛ          | ADMIN:admin               | Неизвестно
[2025-12-13 11:02:22] | ОТКРЫЛ ПАНЕЛЬ        | ADMIN:admin               | Неизвестно
[2025-12-14 18:56:06] | НАЧАЛО ВХОДА         | CalihandlyYT@yandex.ru    | Неизвестно
[2025-12-14 18:56:15] | УСПЕШНЫЙ ВХОД        | CalihandlyYT@yandex.ru    | Неизвестно
[2025-12-14 18:56:16] | ДОСТУП РАЗРЕШЕН      | CalihandlyYT@yandex.ru    | Неизвестно
[2025-12-14 18:56:31] | СОЗДАН ПОСТ          | CalihandlyYT@yandex.ru    | nissan x trail 2012
[2025-12-14 18:56:31] | ДОСТУП РАЗРЕШЕН      | CalihandlyYT@yandex.ru    | Неизвестно
[2025-12-14 19:02:43] | ДОСТУП РАЗРЕШЕН      | CalihandlyYT@yandex.ru    | Неизвестно
[2025-12-14 19:03:29] | АДМИН ВОШЁЛ          | ADMIN:admin               | Неизвестно
[2025-12-14 19:03:29] | ОТКРЫЛ ПАНЕЛЬ        | ADMIN:admin               | Неизвестно
[2025-12-14 19:06:48] | НАЧАЛО ВХОДА         | mail@carsite.com          | Неизвестно
[2025-12-14 19:07:05] | УСПЕШНЫЙ ВХОД        | mail@carsite.com          | Неизвестно
[2025-12-14 19:07:05] | ДОСТУП РАЗРЕШЕН      | mail@carsite.com          | Неизвестно
[2025-12-14 19:10:56] | ДОСТУП РАЗРЕШЕН      | mail@carsite.com          | Неизвестно
[2025-12-14 19:12:26] | ДОСТУП РАЗРЕШЕН      | mail@carsite.com          | Неизвестно
[2025-12-14 19:13:01] | АДМИН ВОШЁЛ          | ADMIN:admin               | Неизвестно
[2025-12-14 19:13:01] | ОТКРЫЛ ПАНЕЛЬ        | ADMIN:admin               | Неизвестно
[2025-12-14 19:13:08] | АДМИН ВЫШЕЛ          | ADMIN:admin               | Неизвестно
[2025-12-14 19:13:22] | АДМИН ВОШЁЛ          | ADMIN:admin               | Неизвестно
[2025-12-14 19:13:22] | ОТКРЫЛ ПАНЕЛЬ        | ADMIN:admin               | Неизвестно
[2025-12-14 19:13:32] | ДОСТУП РАЗРЕШЕН      | mail@carsite.com          | Неизвестно
[2025-12-14 19:13:59] | ОТКРЫЛ ПАНЕЛЬ        | ADMIN:admin               | Неизвестно
[2025-12-14 19:14:01] | ОТКРЫЛ ПАНЕЛЬ        | ADMIN:admin               | Неизвестно
[2025-12-14 19:14:32] | ЗАБАНИЛ на 1 мин (тест) | ADMIN:admin               | mail@carsite.com
[2025-12-14 19:14:32] | ОТКРЫЛ ПАНЕЛЬ        | ADMIN:admin               | Неизвестно
[2025-12-14 19:14:38] | ДОСТУП ЗАПРЕЩЕН (временный бан) | mail@carsite.com          | Неизвестно
[2025-12-14 19:14:43] | ХОЧЕТ СВЯЗАТЬСЯ С АДМИНОМ | mail@carsite.com          | Mozilla/5.0 (Windows NT 10.0; Win64; x64) AppleWebKit/537.36 (KHTML, like Gecko) Chrome/140.0.0.0 YaBrowser/25.10.0.0 Safari/537.36
[2025-12-14 19:14:53] | НАЧАЛО ВХОДА         | mail@carsite.com          | Неизвестно
[2025-12-14 19:14:53] | ПОПЫТКА ВХОДА (временный бан) | mail@carsite.com          | Неизвестно
[2025-12-14 19:14:55] | ХОЧЕТ СВЯЗАТЬСЯ С АДМИНОМ | mail@carsite.com          | Mozilla/5.0 (Windows NT 10.0; Win64; x64) AppleWebKit/537.36 (KHTML, like Gecko) Chrome/140.0.0.0 YaBrowser/25.10.0.0 Safari/537.36
[2025-12-14 19:15:10] | НАЧАЛО ВХОДА         | mail@carsite.com          | Неизвестно
[2025-12-14 19:15:10] | ПОПЫТКА ВХОДА (временный бан) | mail@carsite.com          | Неизвестно
[2025-12-14 19:15:47] | УСПЕШНЫЙ ВХОД        | mail@carsite.com          | Неизвестно
[2025-12-14 19:15:47] | ДОСТУП РАЗРЕШЕН      | mail@carsite.com          | Неизвестно
[2025-12-14 19:16:04] | ДОСТУП РАЗРЕШЕН      | mail@carsite.com          | Неизвестно
[2025-12-14 19:16:09] | ПОСТАВИЛ ЛАЙК        | mail@carsite.com          | на пост 1
[2025-12-14 19:16:09] | ДОСТУП РАЗРЕШЕН      | mail@carsite.com          | Неизвестно
[2025-12-14 19:16:19] | КОММЕНТАРИЙ          | mail@carsite.com          | к посту 1
[2025-12-14 19:16:29] | ДОСТУП РАЗРЕШЕН      | mail@carsite.com          | Неизвестно
[2025-12-14 19:17:53] | ОТКРЫЛ ПРОФИЛЬ       | mail@carsite.com          | Неизвестно
[2025-12-14 19:18:25] | ОТКРЫЛ ПРОФИЛЬ       | mail@carsite.com          | Неизвестно
[2025-12-14 19:20:27] | ДОСТУП РАЗРЕШЕН      | mail@carsite.com          | Неизвестно
[2025-12-14 19:20:55] | ОТКРЫЛ ПАНЕЛЬ        | ADMIN:admin               | Неизвестно
[2025-12-14 19:21:02] | АДМИН ВЫШЕЛ          | ADMIN:admin               | Неизвестно
[2025-12-14 19:21:12] | ОТКРЫЛ ПРОФИЛЬ       | mail@carsite.com          | Неизвестно
[2025-12-14 19:21:15] | ДОСТУП РАЗРЕШЕН      | mail@carsite.com          | Неизвестно
[2025-12-14 19:23:00] | ДОСТУП РАЗРЕШЕН      | mail@carsite.com          | Неизвестно
[2025-12-14 19:23:02] | ОТКРЫЛ ПРОФИЛЬ       | mail@carsite.com          | Неизвестно
[2025-12-14 19:23:08] | ДОСТУП РАЗРЕШЕН      | mail@carsite.com          | Неизвестно
[2025-12-14 19:24:24] | ОТКРЫЛ ПРОФИЛЬ       | mail@carsite.com          | Неизвестно
[2025-12-14 19:26:22] | ДОСТУП РАЗРЕШЕН      | mail@carsite.com          | Неизвестно
[2025-12-14 19:26:25] | ОТКРЫЛ РАЗДЕЛ ПРОДАЖ | mail@carsite.com          | Неизвестно
[2025-12-14 19:26:37] | ОТКРЫЛ РАЗДЕЛ ПРОДАЖ | mail@carsite.com          | Неизвестно
[2025-12-14 19:26:50] | ОТКРЫЛ РАЗДЕЛ ПРОДАЖ | mail@carsite.com          | Неизвестно
[2025-12-14 19:27:27] | ОТКРЫЛ РАЗДЕЛ ПРОДАЖ | mail@carsite.com          | Неизвестно
[2025-12-14 19:29:52] | ДОСТУП РАЗРЕШЕН      | mail@carsite.com          | Неизвестно
[2025-12-14 19:29:54] | ОТКРЫЛ РАЗДЕЛ ПРОДАЖ | mail@carsite.com          | Неизвестно
[2025-12-14 19:30:18] | СОЗДАЛ ОБЪЯВЛЕНИЕ    | mail@carsite.com          | nissan x trail 2012
[2025-12-14 19:30:18] | ОТКРЫЛ РАЗДЕЛ ПРОДАЖ | mail@carsite.com          | Неизвестно
[2025-12-14 19:30:21] | ОТКРЫЛ ОБЪЯВЛЕНИЕ    | mail@carsite.com          | ID 1
[2025-12-14 19:30:27] | ОТКРЫЛ РАЗДЕЛ ПРОДАЖ | mail@carsite.com          | Неизвестно
[2025-12-14 19:31:15] | ОТКРЫЛ ОБЪЯВЛЕНИЕ    | mail@carsite.com          | ID 1
[2025-12-14 19:31:20] | ОТЗЫВ НА ОБЪЯВЛЕНИЕ  | mail@carsite.com          | ID 1
[2025-12-14 19:31:21] | ОТКРЫЛ ОБЪЯВЛЕНИЕ    | mail@carsite.com          | ID 1
[2025-12-14 19:31:28] | ОТКРЫЛ РАЗДЕЛ ПРОДАЖ | mail@carsite.com          | Неизвестно
[2025-12-14 19:31:31] | ДОСТУП РАЗРЕШЕН      | mail@carsite.com          | Неизвестно
[2025-12-14 19:33:36] | ДОСТУП РАЗРЕШЕН      | mail@carsite.com          | Неизвестно
[2025-12-14 19:33:48] | АДМИН ВОШЁЛ          | ADMIN:admin               | Неизвестно
[2025-12-14 19:33:48] | ОТКРЫЛ ПАНЕЛЬ        | ADMIN:admin               | Неизвестно
[2025-12-14 19:33:56] | УДАЛИЛ ПОСТ ID 1     | ADMIN:admin               | Неизвестно
[2025-12-14 19:33:56] | ОТКРЫЛ ПАНЕЛЬ        | ADMIN:admin               | Неизвестно
[2025-12-14 19:34:05] | УДАЛИЛ ОБЪЯВЛЕНИЕ ID 1 | ADMIN:admin               | Неизвестно
[2025-12-14 19:34:05] | ОТКРЫЛ ПАНЕЛЬ        | ADMIN:admin               | Неизвестно
[2025-12-14 19:36:04] | ДОСТУП РАЗРЕШЕН      | mail@carsite.com          | Неизвестно
[2025-12-14 19:36:26] | ОТКРЫЛ РАЗДЕЛ ПРОДАЖ | mail@carsite.com          | Неизвестно
[2025-12-14 19:36:29] | ДОСТУП РАЗРЕШЕН      | mail@carsite.com          | Неизвестно
[2025-12-14 19:36:30] | ОТКРЫЛ ПРОФИЛЬ       | mail@carsite.com          | Неизвестно
[2025-12-14 19:36:34] | ДОСТУП РАЗРЕШЕН      | mail@carsite.com          | Неизвестно
[2025-12-14 19:36:37] | ОТКРЫЛ ПАНЕЛЬ        | ADMIN:admin               | Неизвестно
[2025-12-14 19:36:51] | АДМИН ВОШЁЛ          | ADMIN:admin               | Неизвестно
[2025-12-14 19:36:51] | ОТКРЫЛ ПАНЕЛЬ        | ADMIN:admin               | Неизвестно
[2025-12-14 19:39:16] | ОТКРЫЛ ПАНЕЛЬ        | ADMIN:admin               | Неизвестно
[2025-12-14 19:39:18] | ОТКРЫЛ ПАНЕЛЬ        | ADMIN:admin               | Неизвестно
[2025-12-14 19:39:20] | ОТКРЫЛ ПАНЕЛЬ        | ADMIN:admin               | Неизвестно
[2025-12-14 19:39:42] | ОТКРЫЛ ПАНЕЛЬ        | ADMIN:admin               | Неизвестно
[2025-12-14 19:40:07] | ОТКРЫЛ ПАНЕЛЬ        | ADMIN:admin               | Неизвестно
[2025-12-14 19:40:25] | АДМИН ВОШЁЛ          | ADMIN:moderator           | Неизвестно
[2025-12-14 19:40:25] | ОТКРЫЛ ПАНЕЛЬ        | ADMIN:moderator           | Неизвестно
[2025-12-14 19:42:34] | АДМИН ВОШЁЛ          | ADMIN:moderator           | Неизвестно
[2025-12-14 19:42:34] | ОТКРЫЛ ПАНЕЛЬ        | ADMIN:moderator           | Неизвестно
[2025-12-14 19:42:43] | ДОСТУП РАЗРЕШЕН      | mail@carsite.com          | Неизвестно
[2025-12-14 19:43:45] | ОТКРЫЛ ПРОФИЛЬ       | mail@carsite.com          | Неизвестно
[2025-12-14 19:43:50] | ОТКРЫЛ ПАНЕЛЬ        | ADMIN:moderator           | Неизвестно
[2025-12-14 19:54:47] | ДОСТУП РАЗРЕШЕН      | mail@carsite.com          | Неизвестно
[2025-12-14 19:55:01] | ОТКРЫЛ ПАНЕЛЬ        | ADMIN:moderator           | Неизвестно
[2025-12-14 19:55:06] | АДМИН ВОШЁЛ          | ADMIN:admin               | Неизвестно
[2025-12-14 19:55:07] | ОТКРЫЛ ПАНЕЛЬ        | ADMIN:admin               | Неизвестно
[2025-12-14 19:55:21] | ИЗМЕНИЛ РАНГ mail@carsite.com на Главный админ | ADMIN:admin               | Неизвестно
[2025-12-14 19:55:21] | ОТКРЫЛ ПАНЕЛЬ        | ADMIN:admin               | Неизвестно
[2025-12-14 20:07:57] | ДОСТУП РАЗРЕШЕН      | mail@carsite.com          | Неизвестно
[2025-12-14 20:08:00] | ОТКРЫЛ ПРОФИЛЬ       | mail@carsite.com          | Неизвестно
[2025-12-14 20:08:14] | ОТКРЫЛ ПАНЕЛЬ        | ADMIN:admin               | Неизвестно
[2025-12-14 20:08:27] | АДМИН ВЫШЕЛ          | ADMIN:admin               | Неизвестно
[2025-12-14 20:08:35] | ВЫХОД                | mail@carsite.com          | Неизвестно
[2025-12-14 20:08:55] | НАЧАЛО ВХОДА         | admin@admin.local         | Неизвестно
[2025-12-14 20:09:09] | ПОПЫТКА ВЗЛОМА       | admin@admin.local         | Mozilla/5.0 (Windows NT 10.0; Win64; x64) AppleWebKit/537.36 (KHTML, like Gecko) Chrome/140.0.0.0 YaBrowser/25.10.0.0 Safari/537.36
[2025-12-14 20:09:26] | УСПЕШНЫЙ ВХОД        | admin@admin.local         | Неизвестно
[2025-12-14 20:09:26] | ДОСТУП РАЗРЕШЕН      | admin@admin.local         | Неизвестно
[2025-12-14 20:27:01] | ДОСТУП РАЗРЕШЕН      | admin@admin.local         | Неизвестно
[2025-12-14 20:27:09] | ОТКРЫЛ ПРОФИЛЬ       | admin@admin.local         | Неизвестно
[2025-12-14 20:28:50] | ДОСТУП РАЗРЕШЕН      | admin@admin.local         | Неизвестно
[2025-12-14 20:31:47] | ДОСТУП РАЗРЕШЕН      | admin@admin.local         | Неизвестно
[2025-12-14 20:31:49] | ВЫХОД                | admin@admin.local         | Неизвестно
[2025-12-14 20:31:58] | НАЧАЛО ВХОДА         | admin@admin.local         | Неизвестно
[2025-12-14 20:32:19] | УСПЕШНЫЙ ВХОД        | admin@admin.local         | Неизвестно
[2025-12-14 20:32:19] | ДОСТУП РАЗРЕШЕН      | admin@admin.local         | Неизвестно
[2025-12-14 20:32:27] | АДМИН ВОШЁЛ          | ADMIN:admin               | Неизвестно
[2025-12-14 20:32:27] | ОТКРЫЛ ПАНЕЛЬ        | ADMIN:admin               | Неизвестно
[2025-12-14 20:36:00] | НАЧАЛО ВХОДА         | admin@admin.local         | Неизвестно
[2025-12-14 20:36:11] | ПОПЫТКА ВЗЛОМА       | admin@admin.local         | Mozilla/5.0 (Windows NT 10.0; Win64; x64) AppleWebKit/537.36 (KHTML, like Gecko) Chrome/140.0.0.0 YaBrowser/25.10.0.0 Safari/537.36
[2025-12-14 20:36:22] | УСПЕШНЫЙ ВХОД        | admin@admin.local         | Неизвестно
[2025-12-14 20:36:22] | ДОСТУП РАЗРЕШЕН      | admin@admin.local         | Неизвестно
[2025-12-14 20:36:43] | АДМИН ВОШЁЛ          | ADMIN:admin               | Неизвестно
[2025-12-14 20:36:43] | ОТКРЫЛ ПАНЕЛЬ        | ADMIN:admin               | Неизвестно
[2025-12-14 20:38:34] | ОТКРЫЛ ПАНЕЛЬ        | ADMIN:admin               | Неизвестно
[2025-12-14 20:38:43] | ДОСТУП РАЗРЕШЕН      | admin@admin.local         | Неизвестно
[2025-12-14 20:39:00] | СОЗДАН ПОСТ          | admin@admin.local         | nissan x trail 2012
[2025-12-14 20:39:01] | ДОСТУП РАЗРЕШЕН      | admin@admin.local         | Неизвестно
[2025-12-14 20:39:05] | ОТКРЫЛ ПАНЕЛЬ        | ADMIN:admin               | Неизвестно
[2025-12-14 20:39:06] | ОТКРЫЛ ПАНЕЛЬ        | ADMIN:admin               | Неизвестно
[2025-12-14 20:39:18] | ОБНОВИЛ ПОСТ ID 2    | ADMIN:admin               | Неизвестно
[2025-12-14 20:39:18] | ОТКРЫЛ ПАНЕЛЬ        | ADMIN:admin               | Неизвестно
[2025-12-14 20:39:23] | УДАЛИЛ ПОСТ ID 2     | ADMIN:admin               | Неизвестно
[2025-12-14 20:39:23] | ОТКРЫЛ ПАНЕЛЬ        | ADMIN:admin               | Неизвестно
[2025-12-14 20:43:00] | ОТКРЫЛ ПАНЕЛЬ        | ADMIN:admin               | Неизвестно
[2025-12-14 20:43:21] | ИЗМЕНИЛ РАНГ mail@carsite.com на Младший модератор (причина: неактив) | ADMIN:admin               | Неизвестно
[2025-12-14 20:43:21] | ОТКРЫЛ ПАНЕЛЬ        | ADMIN:admin               | Неизвестно
[2025-12-14 20:43:27] | ДОСТУП РАЗРЕШЕН      | admin@admin.local         | Неизвестно
[2025-12-14 20:43:36] | ВЫХОД                | admin@admin.local         | Неизвестно
[2025-12-14 20:43:39] | НАЧАЛО ВХОДА         | CalihandlyYT@yandex.ru    | Неизвестно
[2025-12-14 20:43:52] | НАЧАЛО ВХОДА         | mail@carsite.com          | Неизвестно
[2025-12-14 20:44:07] | ДОСТУП РАЗРЕШЕН      | mail@carsite.com          | Неизвестно
[2025-12-14 20:44:18] | ДОСТУП РАЗРЕШЕН      | mail@carsite.com          | Неизвестно
[2025-12-14 20:45:31] | АДМИН ВОШЁЛ          | ADMIN:admin               | Неизвестно
[2025-12-14 20:45:31] | ОТКРЫЛ ПАНЕЛЬ        | ADMIN:admin               | Неизвестно
[2025-12-14 20:45:46] | ДОСТУП РАЗРЕШЕН      | mail@carsite.com          | Неизвестно
[2025-12-14 20:45:55] | ОТКРЫЛ ПАНЕЛЬ        | ADMIN:admin               | Неизвестно
[2025-12-14 20:48:24] | ИЗМЕНИЛ РАНГ mail@carsite.com на Админ (причина: Здравствуйте дорогой пользователь нашего сайта. За активность/помощь/выставление постов вы были повышены до ранга Админа по решению высшей администрации и главного админа VladimirKhudyakov! Надеюсь, вы принесете пользу нашему сайту. Хорошего дня!) | ADMIN:admin               | Неизвестно
[2025-12-14 20:48:24] | ОТКРЫЛ ПАНЕЛЬ        | ADMIN:admin               | Неизвестно
[2025-12-14 20:48:28] | ДОСТУП РАЗРЕШЕН      | mail@carsite.com          | Неизвестно
[2025-12-14 20:48:40] | ДОСТУП РАЗРЕШЕН      | mail@carsite.com          | Неизвестно
[2025-12-14 20:49:11] | ОТКРЫЛ ПРОФИЛЬ       | mail@carsite.com          | Неизвестно
[2025-12-14 20:49:42] | ОТКРЫЛ ПАНЕЛЬ        | ADMIN:admin               | Неизвестно
[2025-12-14 20:49:43] | ОТКРЫЛ ПАНЕЛЬ        | ADMIN:admin               | Неизвестно
[2025-12-14 20:50:01] | ИЗМЕНИЛ РАНГ mail@carsite.com на Высшая Администрация (причина: Здравствуйте дорогой пользователь нашего сайта. За активность/помощь/выставление постов вы были повышены до ранга Админа по решению высшей администрации и главного админа VladimirKhudyakov! Надеюсь, вы принесете пользу нашему сайту. Хорошего дня!) | ADMIN:admin               | Неизвестно
[2025-12-14 20:50:01] | ОТКРЫЛ ПАНЕЛЬ        | ADMIN:admin               | Неизвестно
[2025-12-14 20:50:05] | ДОСТУП РАЗРЕШЕН      | mail@carsite.com          | Неизвестно
[2025-12-14 20:50:43] | ДОСТУП РАЗРЕШЕН      | mail@carsite.com          | Неизвестно
[2025-12-14 20:50:49] | ДОСТУП РАЗРЕШЕН      | mail@carsite.com          | Неизвестно
[2025-12-14 20:51:34] | ОТКРЫЛ ПАНЕЛЬ        | ADMIN:admin               | Неизвестно
[2025-12-14 20:51:55] | ИЗМЕНИЛ РАНГ admin@admin.local на Высшая Администрация (причина: Здравствуйте дорогой пользователь нашего сайта. За активность/помощь/выставление постов вы были повышены до ранга Админа по решению высшей администрации и главного админа VladimirKhudyakov! Надеюсь, вы принесете пользу нашему сайту. Хорошего дня!) | ADMIN:admin               | Неизвестно
[2025-12-14 20:51:55] | ОТКРЫЛ ПАНЕЛЬ        | ADMIN:admin               | Неизвестно
[2025-12-14 20:52:08] | ИЗМЕНИЛ РАНГ CalihandlyYT@yandex.ru на Высшая Администрация (причина: Здравствуйте дорогой пользователь нашего сайта. За активность/помощь/выставление постов вы были повышены до ранга Админа по решению высшей администрации и главного админа VladimirKhudyakov! Надеюсь, вы принесете пользу нашему сайту. Хорошего дня!) | ADMIN:admin               | Неизвестно
[2025-12-14 20:52:08] | ОТКРЫЛ ПАНЕЛЬ        | ADMIN:admin               | Неизвестно
[2025-12-14 20:52:20] | ДОСТУП РАЗРЕШЕН      | mail@carsite.com          | Неизвестно
[2025-12-14 20:52:22] | ВЫХОД                | mail@carsite.com          | Неизвестно
[2025-12-14 20:53:01] | НАЧАЛО ВХОДА         | VladimirKhudyakov1@gmail.com | Неизвестно
[2025-12-14 20:53:13] | УСПЕШНЫЙ ВХОД        | VladimirKhudyakov1@gmail.com | Неизвестно
[2025-12-14 20:53:13] | ДОСТУП РАЗРЕШЕН      | VladimirKhudyakov1@gmail.com | Неизвестно
[2025-12-14 20:53:20] | АДМИН ВОШЁЛ          | ADMIN:admin               | Неизвестно
[2025-12-14 20:53:20] | ОТКРЫЛ ПАНЕЛЬ        | ADMIN:admin               | Неизвестно
[2025-12-14 20:53:33] | ИЗМЕНИЛ РАНГ CalihandlyYT@yandex.ru на Главный админ (причина: Причина не указана) | ADMIN:admin               | Неизвестно
[2025-12-14 20:53:33] | ОТКРЫЛ ПАНЕЛЬ        | ADMIN:admin               | Неизвестно
[2025-12-14 20:53:38] | ОТКРЫЛ ПАНЕЛЬ        | ADMIN:admin               | Неизвестно
[2025-12-14 20:54:08] | ИЗМЕНИЛ РАНГ admin@admin.local на Высшая Администрация (причина: Здравствуйте дорогой пользователь нашего сайта. За активность/помощь/выставление постов вы были повышены до ранга Высшей Администрации по решению высшей администрации и главного админа VladimirKhudyakov! Надеюсь, вы принесете пользу нашему сайту. Хорошего дня!) | ADMIN:admin               | Неизвестно
[2025-12-14 20:54:08] | ОТКРЫЛ ПАНЕЛЬ        | ADMIN:admin               | Неизвестно
[2025-12-14 20:54:42] | ИЗМЕНИЛ РАНГ VladimirKhudyakov1@gmail.com на Высшая Администрация (причина: Здравствуйте дорогой пользователь нашего сайта. За активность/помощь/выставление постов вы были повышены до ранга Высшей администрации по решению высшей администрации и главного админа VladimirKhudyakov! Надеюсь, вы принесете пользу нашему сайту. Хорошего дня!) | ADMIN:admin               | Неизвестно
[2025-12-14 20:54:42] | ОТКРЫЛ ПАНЕЛЬ        | ADMIN:admin               | Неизвестно
[2025-12-14 20:54:58] | ИЗМЕНИЛ РАНГ CalihandlyYT@yandex.ru на Главный админ (причина: Причина не указана) | ADMIN:admin               | Неизвестно
[2025-12-14 20:54:58] | ОТКРЫЛ ПАНЕЛЬ        | ADMIN:admin               | Неизвестно
[2025-12-14 20:55:09] | ДОСТУП РАЗРЕШЕН      | VladimirKhudyakov1@gmail.com | Неизвестно
[2025-12-14 20:55:21] | ДОСТУП РАЗРЕШЕН      | VladimirKhudyakov1@gmail.com | Неизвестно
[2025-12-14 20:55:27] | ДОСТУП РАЗРЕШЕН      | VladimirKhudyakov1@gmail.com | Неизвестно
[2025-12-14 20:59:03] | ДОСТУП РАЗРЕШЕН      | VladimirKhudyakov1@gmail.com | Неизвестно
[2025-12-14 20:59:10] | ОТКРЫЛ ПАНЕЛЬ        | ADMIN:admin               | Неизвестно
[2025-12-14 20:59:13] | АДМИН ВЫШЕЛ          | ADMIN:admin               | Неизвестно
[2025-12-14 21:00:00] | ПОПЫТКА ВЗЛОМА       | ADMIN:VladimirKhudyakov   | Mozilla/5.0 (Windows NT 10.0; Win64; x64) AppleWebKit/537.36 (KHTML, like Gecko) Chrome/140.0.0.0 YaBrowser/25.10.0.0 Safari/537.36
[2025-12-14 21:00:23] | АДМИН ВОШЁЛ          | ADMIN:VladimirKhudyakov   | Неизвестно
[2025-12-14 21:00:23] | ОТКРЫЛ ПАНЕЛЬ        | ADMIN:VladimirKhudyakov   | Неизвестно
[2025-12-14 21:01:30] | ЗАБАНИЛ на 10080 мин (есть другой акк
) | ADMIN:VladimirKhudyakov   | VladimirKhudyakov1@gmail.com
[2025-12-14 21:01:30] | ОТКРЫЛ ПАНЕЛЬ        | ADMIN:VladimirKhudyakov   | Неизвестно
[2025-12-14 21:01:33] | ДОСТУП ЗАПРЕЩЕН (временный бан) | VladimirKhudyakov1@gmail.com | Неизвестно
[2025-12-14 21:03:27] | НАЧАЛО ВХОДА         | VladimirKhudyakov@admin.local | Неизвестно
[2025-12-14 21:04:46] | НАЧАЛО ВХОДА         | VladimirKhudyakov@admin.local | Неизвестно
[2025-12-14 21:04:58] | УСПЕШНЫЙ ВХОД        | VladimirKhudyakov@admin.local | Неизвестно
[2025-12-14 21:04:58] | ДОСТУП РАЗРЕШЕН      | VladimirKhudyakov@admin.local | Неизвестно
[2025-12-14 21:05:14] | ОТКРЫЛ ПРОФИЛЬ       | VladimirKhudyakov@admin.local | Неизвестно
[2025-12-14 21:05:23] | АДМИН ВОШЁЛ          | ADMIN:VladimirKhudyakov   | Неизвестно
[2025-12-14 21:05:23] | ОТКРЫЛ ПАНЕЛЬ        | ADMIN:VladimirKhudyakov   | Неизвестно
[2025-12-14 21:05:34] | ИЗМЕНИЛ РАНГ VladimirKhudyakov1@gmail.com на Младший модератор (причина: Причина не указана) | ADMIN:VladimirKhudyakov   | Неизвестно
[2025-12-14 21:05:34] | ОТКРЫЛ ПАНЕЛЬ        | ADMIN:VladimirKhudyakov   | Неизвестно
[2025-12-14 21:06:09] | ДОСТУП РАЗРЕШЕН      | VladimirKhudyakov@admin.local | Неизвестно
[2025-12-14 21:08:20] | НАЧАЛО ВХОДА (OTP)   | VladimirKhudykov@admin.local | Неизвестно
[2025-12-14 21:08:32] | УСПЕШНЫЙ ВХОД        | VladimirKhudykov@admin.local | Неизвестно
[2025-12-14 21:08:32] | ДОСТУП РАЗРЕШЕН      | VladimirKhudykov@admin.local | Неизвестно
[2025-12-14 21:08:53] | АДМИН ВОШЁЛ          | ADMIN:VladimirKhudyakov   | Неизвестно
[2025-12-14 21:08:53] | ОТКРЫЛ ПАНЕЛЬ        | ADMIN:VladimirKhudyakov   | Неизвестно
[2025-12-14 21:09:01] | ИЗМЕНИЛ РАНГ VladimirKhudyakov@admin.local на Высшая Администрация (причина: Причина не указана) | ADMIN:VladimirKhudyakov   | Неизвестно
[2025-12-14 21:09:01] | ОТКРЫЛ ПАНЕЛЬ        | ADMIN:VladimirKhudyakov   | Неизвестно
[2025-12-14 21:09:34] | ОТКРЫЛ ПАНЕЛЬ        | ADMIN:VladimirKhudyakov   | Неизвестно
[2025-12-14 21:09:51] | УДАЛИЛ ПОЛЬЗОВАТЕЛЯ CalihandlyYT@yandex.ru | ADMIN:VladimirKhudyakov   | Неизвестно
[2025-12-14 21:09:51] | ОТКРЫЛ ПАНЕЛЬ        | ADMIN:VladimirKhudyakov   | Неизвестно
[2025-12-14 21:09:52] | ОТКРЫЛ ПАНЕЛЬ        | ADMIN:VladimirKhudyakov   | Неизвестно
[2025-12-14 21:10:07] | УДАЛИЛ ПОЛЬЗОВАТЕЛЯ VladimirKhudyakov1@gmail.com | ADMIN:VladimirKhudyakov   | Неизвестно
[2025-12-14 21:10:07] | ОТКРЫЛ ПАНЕЛЬ        | ADMIN:VladimirKhudyakov   | Неизвестно
[2025-12-14 21:10:24] | УДАЛИЛ ПОЛЬЗОВАТЕЛЯ VladimirKhudykov@admin.local | ADMIN:VladimirKhudyakov   | Неизвестно
[2025-12-14 21:10:24] | ОТКРЫЛ ПАНЕЛЬ        | ADMIN:VladimirKhudyakov   | Неизвестно
[2025-12-14 21:10:35] | ИЗМЕНИЛ РАНГ mail@carsite.com на Младший модератор (причина: Причина не указана) | ADMIN:VladimirKhudyakov   | Неизвестно
[2025-12-14 21:10:35] | ОТКРЫЛ ПАНЕЛЬ        | ADMIN:VladimirKhudyakov   | Неизвестно
[2025-12-14 21:10:40] | ИЗМЕНИЛ РАНГ admin@admin.local на Младший модератор (причина: Причина не указана) | ADMIN:VladimirKhudyakov   | Неизвестно
[2025-12-14 21:10:40] | ОТКРЫЛ ПАНЕЛЬ        | ADMIN:VladimirKhudyakov   | Неизвестно
[2025-12-14 21:10:46] | ОТКРЫЛ ПАНЕЛЬ        | ADMIN:VladimirKhudyakov   | Неизвестно
[2025-12-14 21:10:48] | ДОСТУП РАЗРЕШЕН      | VladimirKhudykov@admin.local | Неизвестно
[2025-12-14 21:11:27] | ОТКРЫЛ ПАНЕЛЬ        | ADMIN:VladimirKhudyakov   | Неизвестно
[2025-12-14 21:11:37] | УДАЛИЛ ПОЛЬЗОВАТЕЛЯ mail@carsite.com | ADMIN:VladimirKhudyakov   | Неизвестно
[2025-12-14 21:11:37] | ОТКРЫЛ ПАНЕЛЬ        | ADMIN:VladimirKhudyakov   | Неизвестно
[2025-12-14 21:11:49] | УДАЛИЛ ПОЛЬЗОВАТЕЛЯ admin@admin.local | ADMIN:VladimirKhudyakov   | Неизвестно
[2025-12-14 21:11:49] | ОТКРЫЛ ПАНЕЛЬ        | ADMIN:VladimirKhudyakov   | Неизвестно
[2025-12-14 21:12:02] | ОТКРЫЛ ПАНЕЛЬ        | ADMIN:VladimirKhudyakov   | Неизвестно
[2025-12-14 21:12:09] | ДОСТУП РАЗРЕШЕН      | VladimirKhudykov@admin.local | Неизвестно
[2025-12-14 21:12:44] | УСПЕШНЫЙ ВХОД        | VladimirKhudykov@admin.local | Неизвестно
[2025-12-14 21:12:44] | ДОСТУП РАЗРЕШЕН      | VladimirKhudykov@admin.local | Неизвестно
[2025-12-14 21:13:24] | ДОСТУП РАЗРЕШЕН      | VladimirKhudykov@admin.local | Неизвестно
[2025-12-14 21:17:20] | ДОСТУП РАЗРЕШЕН      | VladimirKhudykov@admin.local | Неизвестно
[2025-12-14 21:17:39] | НАЧАЛО ВХОДА (OTP)   | VladimirKhudyakov@admin.local | Неизвестно
[2025-12-14 21:17:49] | УСПЕШНЫЙ ВХОД        | VladimirKhudyakov@admin.local | Неизвестно
[2025-12-14 21:17:49] | ДОСТУП РАЗРЕШЕН      | VladimirKhudyakov@admin.local | Неизвестно
[2025-12-14 21:17:55] | ДОСТУП РАЗРЕШЕН      | VladimirKhudyakov@admin.local | Неизвестно
[2025-12-14 21:17:56] | ОТКРЫЛ ПРОФИЛЬ       | VladimirKhudyakov@admin.local | Неизвестно
[2025-12-14 21:18:10] | ИЗМЕНИЛ ПАРОЛЬ       | VladimirKhudyakov@admin.local | Неизвестно
[2025-12-14 21:18:10] | ОТКРЫЛ ПРОФИЛЬ       | VladimirKhudyakov@admin.local | Неизвестно
[2025-12-14 21:18:12] | ДОСТУП РАЗРЕШЕН      | VladimirKhudyakov@admin.local | Неизвестно
[2025-12-14 21:20:01] | ДОСТУП РАЗРЕШЕН      | VladimirKhudyakov@admin.local | Неизвестно
[2025-12-14 21:20:12] | ДОСТУП РАЗРЕШЕН      | VladimirKhudyakov@admin.local | Неизвестно
[2025-12-14 21:20:30] | ДОСТУП РАЗРЕШЕН      | VladimirKhudyakov@admin.local | Неизвестно
[2025-12-14 21:21:20] | ВЫХОД                | VladimirKhudyakov@admin.local | Неизвестно
[2025-12-14 21:21:23] | НАЧАЛО ВХОДА (OTP)   | VladimirKhudyakov@admin.local | Неизвестно
[2025-12-14 21:21:30] | УСПЕШНЫЙ ВХОД (по паролю) | VladimirKhudyakov@admin.local | Неизвестно
[2025-12-14 21:21:30] | ДОСТУП РАЗРЕШЕН      | VladimirKhudyakov@admin.local | Неизвестно
[2025-12-14 21:21:34] | ОТКРЫЛ РАЗДЕЛ ПРОДАЖ | VladimirKhudyakov@admin.local | Неизвестно
[2025-12-15 14:18:29] | УСПЕШНЫЙ ВХОД (по паролю) | VladimirKhudyakov@admin.local | Неизвестно
[2025-12-15 14:18:29] | ДОСТУП РАЗРЕШЕН      | VladimirKhudyakov@admin.local | Неизвестно
[2025-12-15 14:18:44] | ПОПЫТКА ВЗЛОМА       | ADMIN:VladimirKhudyakov@admin.local | Mozilla/5.0 (Windows NT 10.0; Win64; x64) AppleWebKit/537.36 (KHTML, like Gecko) Chrome/140.0.0.0 YaBrowser/25.10.0.0 Safari/537.36
[2025-12-15 14:18:50] | АДМИН ВОШЁЛ          | ADMIN:VladimirKhudyakov   | Неизвестно
[2025-12-15 14:18:50] | ОТКРЫЛ ПАНЕЛЬ        | ADMIN:VladimirKhudyakov   | Неизвестно
[2025-12-15 14:19:04] | ИЗМЕНИЛ РАНГ VladimirKhudyakov@admin.local на Высшая Администрация (причина: Причина не указана) | ADMIN:VladimirKhudyakov   | Неизвестно
[2025-12-15 14:19:04] | ОТКРЫЛ ПАНЕЛЬ        | ADMIN:VladimirKhudyakov   | Неизвестно
[2025-12-15 14:19:11] | ДОСТУП РАЗРЕШЕН      | VladimirKhudyakov@admin.local | Неизвестно
[2025-12-15 14:19:18] | ДОСТУП РАЗРЕШЕН      | VladimirKhudyakov@admin.local | Неизвестно
[2025-12-17 14:59:51] | УСПЕШНЫЙ ВХОД (по паролю) | VladimirKhudyakov@admin.local | Неизвестно
[2025-12-17 14:59:51] | ДОСТУП РАЗРЕШЕН      | VladimirKhudyakov@admin.local | Неизвестно
[2025-12-17 15:00:01] | ОТКРЫЛ РАЗДЕЛ ПРОДАЖ | VladimirKhudyakov@admin.local | Неизвестно
[2025-12-17 15:00:03] | ДОСТУП РАЗРЕШЕН      | VladimirKhudyakov@admin.local | Неизвестно
[2025-12-17 15:00:24] | ОТКРЫЛ ПРОФИЛЬ       | VladimirKhudyakov@admin.local | Неизвестно
[2025-12-17 15:00:39] | ПОПЫТКА ВЗЛОМА       | ADMIN:VladimirKhudyakov@admin.local | Mozilla/5.0 (Windows NT 10.0; Win64; x64) AppleWebKit/537.36 (KHTML, like Gecko) Chrome/140.0.0.0 YaBrowser/25.10.0.0 Safari/537.36
[2025-12-17 15:00:44] | АДМИН ВОШЁЛ          | ADMIN:VladimirKhudyakov   | Неизвестно
[2025-12-17 15:00:44] | ОТКРЫЛ ПАНЕЛЬ        | ADMIN:VladimirKhudyakov   | Неизвестно
[2025-12-17 15:02:17] | ЗАБАНИЛ на 1 мин (Здравствуйте. Вы были забанены главным администратором сайта VladimirKhudyakov. Это ник админа. Причина: оск адм+ оск + хейт) | ADMIN:VladimirKhudyakov   | VladimirKhudyakov@admin.local
[2025-12-17 15:02:17] | ОТКРЫЛ ПАНЕЛЬ        | ADMIN:VladimirKhudyakov   | Неизвестно
[2025-12-17 15:02:21] | ДОСТУП ЗАПРЕЩЕН (временный бан) | VladimirKhudyakov@admin.local | Неизвестно
[2025-12-17 15:02:28] | ХОЧЕТ СВЯЗАТЬСЯ С АДМИНОМ | VladimirKhudyakov@admin.local | Mozilla/5.0 (Windows NT 10.0; Win64; x64) AppleWebKit/537.36 (KHTML, like Gecko) Chrome/140.0.0.0 YaBrowser/25.10.0.0 Safari/537.36
[2025-12-17 15:02:34] | ПОПЫТКА ВХОДА (временный бан) | VladimirKhudyakov@admin.local | Неизвестно
[2025-12-17 19:38:42] | УСПЕШНЫЙ ВХОД (по паролю) | VladimirKhudyakov@admin.local | Неизвестно
[2025-12-17 19:38:42] | ДОСТУП РАЗРЕШЕН      | VladimirKhudyakov@admin.local | Неизвестно
[2025-12-17 19:46:07] | НАЧАЛО ВХОДА (OTP)   | VladimirKhudyakov@admin.local | Неизвестно
[2025-12-17 20:07:52] | ДОСТУП РАЗРЕШЕН      | VladimirKhudyakov@admin.local | Неизвестно
[2025-12-17 20:07:59] | ВЫХОД                | VladimirKhudyakov@admin.local | Неизвестно
[2025-12-17 20:08:06] | НАЧАЛО ВХОДА (OTP)   | VladimirKhudyakov@admin.local | Неизвестно
[2025-12-17 20:18:34] | ПОПЫТКА ВЗЛОМА       | VladimirKhudyakov@admin.local | Mozilla/5.0 (Windows NT 10.0; Win64; x64) AppleWebKit/537.36 (KHTML, like Gecko) Chrome/140.0.0.0 YaBrowser/25.10.0.0 Safari/537.36
[2025-12-17 20:18:47] | УСПЕШНЫЙ ВХОД        | VladimirKhudyakov@admin.local | Неизвестно
[2025-12-17 20:18:47] | ДОСТУП РАЗРЕШЕН      | VladimirKhudyakov@admin.local | Неизвестно
[2025-12-17 20:19:13] | ДОСТУП РАЗРЕШЕН      | VladimirKhudyakov@admin.local | Неизвестно
[2025-12-17 20:19:20] | ДОСТУП РАЗРЕШЕН      | VladimirKhudyakov@admin.local | Неизвестно
[2025-12-17 20:19:26] | ОТКРЫЛ РАЗДЕЛ ПРОДАЖ | VladimirKhudyakov@admin.local | Неизвестно
[2025-12-17 20:19:28] | ДОСТУП РАЗРЕШЕН      | VladimirKhudyakov@admin.local | Неизвестно
[2025-12-17 20:19:29] | ОТКРЫЛ ПРОФИЛЬ       | VladimirKhudyakov@admin.local | Неизвестно
[2025-12-18 20:59:53] | УСПЕШНЫЙ ВХОД (по паролю) | VladimirKhudyakov@admin.local | Неизвестно
[2025-12-18 20:59:53] | ДОСТУП РАЗРЕШЕН      | VladimirKhudyakov@admin.local | Неизвестно
[2025-12-18 21:13:29] | ПОПЫТКА ВЗЛОМА       | ADMIN:VladimirKhudyakov@admin.local | Mozilla/5.0 (Windows NT 10.0; Win64; x64) AppleWebKit/537.36 (KHTML, like Gecko) Chrome/140.0.0.0 YaBrowser/25.10.0.0 Safari/537.36
[2025-12-18 21:13:34] | АДМИН ВОШЁЛ          | ADMIN:VladimirKhudyakov   | Неизвестно
[2025-12-18 21:13:34] | ОТКРЫЛ ПАНЕЛЬ        | ADMIN:VladimirKhudyakov   | Неизвестно
[2025-12-18 21:15:13] | ИЗМЕНИЛ РАНГ VladimirKhudyakov@admin.local на Высшая Администрация (причина: Причина не указана) | ADMIN:VladimirKhudyakov   | Неизвестно
[2025-12-18 21:15:13] | ОТКРЫЛ ПАНЕЛЬ        | ADMIN:VladimirKhudyakov   | Неизвестно
[2025-12-18 21:15:17] | ДОСТУП РАЗРЕШЕН      | VladimirKhudyakov@admin.local | Неизвестно
[2025-12-18 21:15:21] | ДОСТУП РАЗРЕШЕН      | VladimirKhudyakov@admin.local | Неизвестно
[2025-12-18 21:19:44] | ОТКРЫЛ ПРОФИЛЬ       | VladimirKhudyakov@admin.local | Неизвестно
[2025-12-20 13:40:02] | УСПЕШНЫЙ ВХОД (по паролю) | VladimirKhudyakov@admin.local | Неизвестно
[2025-12-20 13:40:02] | ДОСТУП РАЗРЕШЕН      | VladimirKhudyakov@admin.local | Неизвестно
[2025-12-20 13:44:27] | ДОСТУП РАЗРЕШЕН      | VladimirKhudyakov@admin.local | Неизвестно
[2025-12-20 13:44:47] | ДОСТУП РАЗРЕШЕН      | VladimirKhudyakov@admin.local | Неизвестно
[2025-12-20 13:44:55] | ДОСТУП РАЗРЕШЕН      | VladimirKhudyakov@admin.local | Неизвестно
[2025-12-20 13:44:59] | ДОСТУП РАЗРЕШЕН      | VladimirKhudyakov@admin.local | Неизвестно
[2025-12-20 13:45:03] | ОТКРЫЛ РАЗДЕЛ ПРОДАЖ | VladimirKhudyakov@admin.local | Неизвестно
[2025-12-20 13:45:17] | СОЗДАЛ ОБЪЯВЛЕНИЕ    | VladimirKhudyakov@admin.local | nissan x trail 2012
[2025-12-20 13:45:17] | ОТКРЫЛ РАЗДЕЛ ПРОДАЖ | VladimirKhudyakov@admin.local | Неизвестно
[2025-12-20 13:45:20] | ОТКРЫЛ ОБЪЯВЛЕНИЕ    | VladimirKhudyakov@admin.local | ID 2
[2025-12-20 13:45:25] | ОТЗЫВ НА ОБЪЯВЛЕНИЕ  | VladimirKhudyakov@admin.local | ID 2
[2025-12-20 13:45:25] | ОТКРЫЛ ОБЪЯВЛЕНИЕ    | VladimirKhudyakov@admin.local | ID 2
[2025-12-20 13:45:32] | ОТКРЫЛ ОБЪЯВЛЕНИЕ    | VladimirKhudyakov@admin.local | ID 2
[2025-12-20 13:45:45] | ДОСТУП РАЗРЕШЕН      | VladimirKhudyakov@admin.local | Неизвестно
[2025-12-20 13:46:09] | СОЗДАН ПОСТ          | VladimirKhudyakov@admin.local | nissan x trail 2012
[2025-12-20 13:46:09] | ДОСТУП РАЗРЕШЕН      | VladimirKhudyakov@admin.local | Неизвестно
[2025-12-20 13:46:13] | ПОСТАВИЛ ЛАЙК        | VladimirKhudyakov@admin.local | на пост 3
[2025-12-20 13:46:13] | ДОСТУП РАЗРЕШЕН      | VladimirKhudyakov@admin.local | Неизвестно
[2025-12-20 13:46:20] | КОММЕНТАРИЙ          | VladimirKhudyakov@admin.local | к посту 3
[2025-12-20 13:46:30] | ДОСТУП РАЗРЕШЕН      | VladimirKhudyakov@admin.local | Неизвестно
[2025-12-20 13:46:37] | ДОСТУП РАЗРЕШЕН      | VladimirKhudyakov@admin.local | Неизвестно
[2025-12-20 13:46:49] | ОТКРЫЛ ПРОФИЛЬ       | VladimirKhudyakov@admin.local | Неизвестно
[2025-12-20 13:46:57] | ДОСТУП РАЗРЕШЕН      | VladimirKhudyakov@admin.local | Неизвестно
[2025-12-20 13:46:59] | ВЫХОД                | VladimirKhudyakov@admin.local | Неизвестно
[2025-12-20 13:47:03] | УСПЕШНЫЙ ВХОД (по паролю) | VladimirKhudyakov@admin.local | Неизвестно
[2025-12-20 13:47:03] | ДОСТУП РАЗРЕШЕН      | VladimirKhudyakov@admin.local | Неизвестно
[2025-12-20 13:47:12] | АДМИН ВОШЁЛ          | ADMIN:VladimirKhudyakov   | Неизвестно
[2025-12-20 13:47:12] | ОТКРЫЛ ПАНЕЛЬ        | ADMIN:VladimirKhudyakov   | Неизвестно
[2025-12-20 13:47:18] | УДАЛИЛ ПОСТ ID 3     | ADMIN:VladimirKhudyakov   | Неизвестно
[2025-12-20 13:47:18] | ОТКРЫЛ ПАНЕЛЬ        | ADMIN:VladimirKhudyakov   | Неизвестно
[2025-12-20 13:47:24] | УДАЛИЛ ОБЪЯВЛЕНИЕ ID 2 | ADMIN:VladimirKhudyakov   | Неизвестно
[2025-12-20 13:47:24] | ОТКРЫЛ ПАНЕЛЬ        | ADMIN:VladimirKhudyakov   | Неизвестно
[2025-12-20 13:47:34] | ИЗМЕНИЛ РАНГ VladimirKhudyakov@admin.local на Высшая Администрация (причина: 122) | ADMIN:VladimirKhudyakov   | Неизвестно
[2025-12-20 13:47:34] | ОТКРЫЛ ПАНЕЛЬ        | ADMIN:VladimirKhudyakov   | Неизвестно
[2025-12-20 13:47:38] | ДОСТУП РАЗРЕШЕН      | VladimirKhudyakov@admin.local | Неизвестно
[2025-12-20 13:47:43] | ДОСТУП РАЗРЕШЕН      | VladimirKhudyakov@admin.local | Неизвестно
[2025-12-20 13:47:47] | ОТКРЫЛ ПАНЕЛЬ        | ADMIN:VladimirKhudyakov   | Неизвестно
[2025-12-20 13:47:48] | ОТКРЫЛ ПАНЕЛЬ        | ADMIN:VladimirKhudyakov   | Неизвестно
[2025-12-20 13:48:00] | ЗАБАНИЛ на 1 мин (123) | ADMIN:VladimirKhudyakov   | VladimirKhudyakov@admin.local
[2025-12-20 13:48:00] | ОТКРЫЛ ПАНЕЛЬ        | ADMIN:VladimirKhudyakov   | Неизвестно
[2025-12-20 13:48:03] | ДОСТУП ЗАПРЕЩЕН (временный бан) | VladimirKhudyakov@admin.local | Неизвестно
[2025-12-20 13:48:08] | ХОЧЕТ СВЯЗАТЬСЯ С АДМИНОМ | VladimirKhudyakov@admin.local | Mozilla/5.0 (Windows NT 10.0; Win64; x64) AppleWebKit/537.36 (KHTML, like Gecko) Chrome/140.0.0.0 YaBrowser/25.10.0.0 Safari/537.36
[2025-12-24 19:05:23] | УСПЕШНЫЙ ВХОД (по паролю) | VladimirKhudyakov@admin.local | Неизвестно
[2025-12-24 19:05:23] | ДОСТУП РАЗРЕШЕН      | VladimirKhudyakov@admin.local | Неизвестно
[2025-12-24 19:05:33] | ПОПЫТКА ВЗЛОМА       | ADMIN:VladimirKhudyakov@admin.local | Mozilla/5.0 (Windows NT 10.0; Win64; x64) AppleWebKit/537.36 (KHTML, like Gecko) Chrome/140.0.0.0 YaBrowser/25.10.0.0 Safari/537.36
[2025-12-24 19:05:36] | АДМИН ВОШЁЛ          | ADMIN:VladimirKhudyakov   | Неизвестно
[2025-12-24 19:05:36] | ОТКРЫЛ ПАНЕЛЬ        | ADMIN:VladimirKhudyakov   | Неизвестно
[2025-12-24 19:09:06] | ДОСТУП РАЗРЕШЕН      | VladimirKhudyakov@admin.local | Неизвестно
[2025-12-24 19:09:12] | ОТКРЫЛ ПРОФИЛЬ       | VladimirKhudyakov@admin.local | Неизвестно
[2025-12-24 19:09:19] | ДОСТУП РАЗРЕШЕН      | VladimirKhudyakov@admin.local | Неизвестно
[2025-12-24 19:09:22] | ОТКРЫЛ РАЗДЕЛ ПРОДАЖ | VladimirKhudyakov@admin.local | Неизвестно
[2025-12-24 19:10:47] | ДОСТУП РАЗРЕШЕН      | VladimirKhudyakov@admin.local | Неизвестно
[2025-12-24 19:11:26] | ДОСТУП РАЗРЕШЕН      | VladimirKhudyakov@admin.local | Неизвестно
[2025-12-24 19:11:38] | ДОСТУП РАЗРЕШЕН      | VladimirKhudyakov@admin.local | Неизвестно
[2025-12-24 19:16:55] | ДОСТУП РАЗРЕШЕН      | VladimirKhudyakov@admin.local | Неизвестно
[2025-12-24 19:17:35] | СОЗДАН ПОСТ          | VladimirKhudyakov@admin.local | nissan x trail 2012
[2025-12-24 19:17:35] | ДОСТУП РАЗРЕШЕН      | VladimirKhudyakov@admin.local | Неизвестно
[2025-12-24 19:18:16] | СОЗДАН ПОСТ          | VladimirKhudyakov@admin.local | nissan x trail 2012
[2025-12-24 19:18:16] | ДОСТУП РАЗРЕШЕН      | VladimirKhudyakov@admin.local | Неизвестно
[2025-12-24 19:19:17] | ДОСТУП РАЗРЕШЕН      | VladimirKhudyakov@admin.local | Неизвестно
[2025-12-24 19:23:03] | ОТКРЫЛ ПАНЕЛЬ        | ADMIN:VladimirKhudyakov   | Неизвестно
[2025-12-24 19:23:04] | ОТКРЫЛ ПАНЕЛЬ        | ADMIN:VladimirKhudyakov   | Неизвестно
[2025-12-24 19:23:09] | УДАЛИЛ ПОСТ ID 5     | ADMIN:VladimirKhudyakov   | Неизвестно
[2025-12-24 19:23:09] | ОТКРЫЛ ПАНЕЛЬ        | ADMIN:VladimirKhudyakov   | Неизвестно
[2025-12-24 19:23:15] | УДАЛИЛ ПОСТ ID 4     | ADMIN:VladimirKhudyakov   | Неизвестно
[2025-12-24 19:23:15] | ОТКРЫЛ ПАНЕЛЬ        | ADMIN:VladimirKhudyakov   | Неизвестно
[2025-12-24 19:23:55] | ДОСТУП РАЗРЕШЕН      | VladimirKhudyakov@admin.local | Неизвестно
[2025-12-24 19:24:00] | ВЫХОД                | VladimirKhudyakov@admin.local | Неизвестно
[2025-12-24 19:24:17] | НАЧАЛО ВХОДА (OTP)   | vpupkin@gmail.com         | Неизвестно
[2025-12-24 19:24:29] | УСПЕШНЫЙ ВХОД        | vpupkin@gmail.com         | Неизвестно
[2025-12-24 19:24:29] | ДОСТУП РАЗРЕШЕН      | vpupkin@gmail.com         | Неизвестно
[2025-12-24 19:24:38] | ОТКРЫЛ ПРОФИЛЬ       | vpupkin@gmail.com         | Неизвестно
[2025-12-24 19:24:59] | ОТКРЫЛ ПРОФИЛЬ       | vpupkin@gmail.com         | Неизвестно
[2025-12-24 19:25:06] | ДОСТУП РАЗРЕШЕН      | vpupkin@gmail.com         | Неизвестно
[2025-12-24 19:25:42] | ОТКРЫЛ ПОДПИСКИ      | vpupkin@gmail.com         | Неизвестно
[2025-12-24 19:25:46] | ОТКРЫЛ УВЕДОМЛЕНИЯ   | vpupkin@gmail.com         | Неизвестно
[2025-12-24 19:26:02] | ОТКРЫЛ РАЗДЕЛ ПРОДАЖ | vpupkin@gmail.com         | Неизвестно
[2025-12-24 19:26:08] | ДОСТУП РАЗРЕШЕН      | vpupkin@gmail.com         | Неизвестно
[2025-12-24 19:26:11] | ДОСТУП РАЗРЕШЕН      | vpupkin@gmail.com         | Неизвестно
[2025-12-24 19:27:44] | СОЗДАН ПОСТ          | vpupkin@gmail.com         | nissan x trail 2012
[2025-12-24 19:27:44] | ДОСТУП РАЗРЕШЕН      | vpupkin@gmail.com         | Неизвестно
[2025-12-24 19:27:56] | ПОСТАВИЛ ЛАЙК        | vpupkin@gmail.com         | на пост 6
[2025-12-24 19:27:56] | ДОСТУП РАЗРЕШЕН      | vpupkin@gmail.com         | Неизвестно
[2025-12-24 19:28:06] | ПОДПИСАЛСЯ           | vpupkin@gmail.com         | на vpupkin@example.com
[2025-12-24 19:28:06] | ДОСТУП РАЗРЕШЕН      | vpupkin@gmail.com         | Неизвестно
[2025-12-24 19:28:08] | ДОБАВИЛ ИЗ ИЗБРАННОГО | vpupkin@gmail.com         | пост 6
[2025-12-24 19:28:08] | ДОСТУП РАЗРЕШЕН      | vpupkin@gmail.com         | Неизвестно
[2025-12-24 19:28:15] | ДОСТУП РАЗРЕШЕН      | vpupkin@gmail.com         | Неизвестно
[2025-12-24 19:28:19] | УБРАЛ ЛАЙК           | vpupkin@gmail.com         | с поста 6
[2025-12-24 19:28:19] | ДОСТУП РАЗРЕШЕН      | vpupkin@gmail.com         | Неизвестно
[2025-12-24 19:28:23] | ПОСТАВИЛ ЛАЙК        | vpupkin@gmail.com         | на пост 6
[2025-12-24 19:28:23] | ДОСТУП РАЗРЕШЕН      | vpupkin@gmail.com         | Неизвестно
[2025-12-24 19:28:50] | ВЫХОД                | vpupkin@gmail.com         | Неизвестно
[2025-12-24 19:28:55] | УСПЕШНЫЙ ВХОД (по паролю) | VladimirKhudyakov@admin.local | Неизвестно
[2025-12-24 19:28:55] | ДОСТУП РАЗРЕШЕН      | VladimirKhudyakov@admin.local | Неизвестно
[2025-12-24 19:30:57] | ПОСТАВИЛ ЛАЙК        | VladimirKhudyakov@admin.local | на пост 6
[2025-12-24 19:30:58] | ДОСТУП РАЗРЕШЕН      | VladimirKhudyakov@admin.local | Неизвестно
[2025-12-24 19:31:02] | ПОДПИСАЛСЯ           | VladimirKhudyakov@admin.local | на vpupkin@example.com
[2025-12-24 19:31:02] | ДОСТУП РАЗРЕШЕН      | VladimirKhudyakov@admin.local | Неизвестно
[2025-12-24 19:31:06] | ДОБАВИЛ ИЗ ИЗБРАННОГО | VladimirKhudyakov@admin.local | пост 6
[2025-12-24 19:31:06] | ДОСТУП РАЗРЕШЕН      | VladimirKhudyakov@admin.local | Неизвестно
[2025-12-24 19:31:09] | ОТКРЫЛ ИЗБРАННОЕ     | VladimirKhudyakov@admin.local | Неизвестно
[2025-12-24 19:31:13] | ОТКРЫЛ ПОСТ          | VladimirKhudyakov@admin.local | ID 6
[2025-12-24 19:31:18] | ДОСТУП РАЗРЕШЕН      | VladimirKhudyakov@admin.local | Неизвестно
[2025-12-24 19:31:29] | ПОДАЛ ЖАЛОБУ         | VladimirKhudyakov@admin.local | post 6
[2025-12-24 19:32:05] | ОТКРЫЛ ПОДПИСКИ      | VladimirKhudyakov@admin.local | Неизвестно
[2025-12-24 19:32:21] | ДОСТУП РАЗРЕШЕН      | VladimirKhudyakov@admin.local | Неизвестно
[2025-12-24 19:33:27] | ОТКРЫЛ ПРОФИЛЬ       | VladimirKhudyakov@admin.local | Неизвестно
[2025-12-24 19:33:32] | ВЫХОД                | VladimirKhudyakov@admin.local | Неизвестно
[2025-12-24 19:34:02] | НАЧАЛО ВХОДА (OTP)   | VladimirKhudyakov@admin.local | Неизвестно
[2025-12-24 19:34:11] | НАЧАЛО ВХОДА (OTP)   | vpupkin@gmail.com         | Неизвестно
[2025-12-24 19:34:26] | УСПЕШНЫЙ ВХОД        | vpupkin@gmail.com         | Неизвестно
[2025-12-24 19:34:26] | ДОСТУП РАЗРЕШЕН      | vpupkin@gmail.com         | Неизвестно
[2025-12-24 19:34:30] | ОТКРЫЛ УВЕДОМЛЕНИЯ   | vpupkin@gmail.com         | Неизвестно
[2025-12-24 19:36:14] | ПОПЫТКА ВЗЛОМА       | ADMIN:vpupkin@gmail.com   | Mozilla/5.0 (Windows NT 10.0; Win64; x64) AppleWebKit/537.36 (KHTML, like Gecko) Chrome/140.0.0.0 YaBrowser/25.10.0.0 Safari/537.36
[2025-12-24 19:36:19] | АДМИН ВОШЁЛ          | ADMIN:VladimirKhudyakov   | Неизвестно
[2025-12-24 19:36:19] | ОТКРЫЛ ПАНЕЛЬ        | ADMIN:VladimirKhudyakov   | Неизвестно
[2025-12-24 19:36:34] | УДАЛИЛ ПОЛЬЗОВАТЕЛЯ vpupkin@example.com | ADMIN:VladimirKhudyakov   | Неизвестно
[2025-12-24 19:36:34] | ОТКРЫЛ ПАНЕЛЬ        | ADMIN:VladimirKhudyakov   | Неизвестно
[2025-12-24 19:36:47] | ИЗМЕНИЛ РАНГ vpupkin@gmail.com на Вторые аккаунты (причина: Причина не указана) | ADMIN:VladimirKhudyakov   | Неизвестно
[2025-12-24 19:36:47] | ОТКРЫЛ ПАНЕЛЬ        | ADMIN:VladimirKhudyakov   | Неизвестно
[2025-12-24 19:36:51] | ДОСТУП РАЗРЕШЕН      | vpupkin@gmail.com         | Неизвестно
[2025-12-24 19:36:57] | ДОСТУП РАЗРЕШЕН      | vpupkin@gmail.com         | Неизвестно
[2025-12-24 19:37:14] | ДОСТУП РАЗРЕШЕН      | vpupkin@gmail.com         | Неизвестно
[2025-12-24 19:37:15] | ОТКРЫЛ УВЕДОМЛЕНИЯ   | vpupkin@gmail.com         | Неизвестно
[2025-12-24 19:37:19] | ВЫХОД                | vpupkin@gmail.com         | Неизвестно
[2025-12-24 19:37:32] | НАЧАЛО ВХОДА (OTP)   | vpupkin@gmail.com         | Неизвестно
[2025-12-24 19:37:41] | УСПЕШНЫЙ ВХОД        | vpupkin@gmail.com         | Неизвестно
[2025-12-24 19:37:41] | ДОСТУП РАЗРЕШЕН      | vpupkin@gmail.com         | Неизвестно
[2025-12-24 19:37:44] | ОТКРЫЛ УВЕДОМЛЕНИЯ   | vpupkin@gmail.com         | Неизвестно
[2025-12-24 19:38:01] | ДОСТУП РАЗРЕШЕН      | vpupkin@gmail.com         | Неизвестно
[2025-12-24 19:38:04] | ВЫХОД                | vpupkin@gmail.com         | Неизвестно
[2025-12-24 19:38:09] | УСПЕШНЫЙ ВХОД (по паролю) | VladimirKhudyakov@admin.local | Неизвестно
[2025-12-24 19:38:09] | ДОСТУП РАЗРЕШЕН      | VladimirKhudyakov@admin.local | Неизвестно
[2025-12-24 19:38:12] | ОТКРЫЛ ПРОФИЛЬ       | VladimirKhudyakov@admin.local | Неизвестно
[2025-12-24 19:38:22] | ВЫХОД                | VladimirKhudyakov@admin.local | Неизвестно
[2025-12-24 19:38:27] | НАЧАЛО ВХОДА (OTP)   | vpupkin@gmail.com         | Неизвестно
[2025-12-24 19:38:36] | УСПЕШНЫЙ ВХОД        | vpupkin@gmail.com         | Неизвестно
[2025-12-24 19:38:36] | ДОСТУП РАЗРЕШЕН      | vpupkin@gmail.com         | Неизвестно
[2025-12-24 19:39:05] | СОЗДАН ПОСТ          | vpupkin@gmail.com         | тест
[2025-12-24 19:39:05] | ДОСТУП РАЗРЕШЕН      | vpupkin@gmail.com         | Неизвестно
[2025-12-24 19:39:28] | ВЫХОД                | vpupkin@gmail.com         | Неизвестно
[2025-12-24 19:39:32] | УСПЕШНЫЙ ВХОД (по паролю) | VladimirKhudyakov@admin.local | Неизвестно
[2025-12-24 19:39:32] | ДОСТУП РАЗРЕШЕН      | VladimirKhudyakov@admin.local | Неизвестно
[2025-12-24 19:39:37] | ОТПИСАЛСЯ            | VladimirKhudyakov@admin.local | на vpupkin@example.com
[2025-12-24 19:39:37] | ДОСТУП РАЗРЕШЕН      | VladimirKhudyakov@admin.local | Неизвестно
[2025-12-24 19:39:40] | ПОДПИСАЛСЯ           | VladimirKhudyakov@admin.local | на vpupkin@example.com
[2025-12-24 19:39:40] | ДОСТУП РАЗРЕШЕН      | VladimirKhudyakov@admin.local | Неизвестно
[2025-12-24 19:39:42] | ДОБАВИЛ ИЗ ИЗБРАННОГО | VladimirKhudyakov@admin.local | пост 7
[2025-12-24 19:39:42] | ДОСТУП РАЗРЕШЕН      | VladimirKhudyakov@admin.local | Неизвестно
[2025-12-24 19:39:46] | ВЫХОД                | VladimirKhudyakov@admin.local | Неизвестно
[2025-12-24 19:39:50] | НАЧАЛО ВХОДА (OTP)   | vpupkin@gmail.com         | Неизвестно
[2025-12-24 19:39:58] | УСПЕШНЫЙ ВХОД        | vpupkin@gmail.com         | Неизвестно
[2025-12-24 19:39:58] | ДОСТУП РАЗРЕШЕН      | vpupkin@gmail.com         | Неизвестно
[2025-12-24 19:40:59] | ОТКРЫЛ ПРОФИЛЬ       | vpupkin@gmail.com         | Неизвестно
[2025-12-24 19:41:02] | ОТКРЫЛ УВЕДОМЛЕНИЯ   | vpupkin@gmail.com         | Неизвестно
[2025-12-24 19:41:27] | ДОСТУП РАЗРЕШЕН      | vpupkin@gmail.com         | Неизвестно
[2025-12-24 19:41:30] | ДОСТУП РАЗРЕШЕН      | vpupkin@gmail.com         | Неизвестно
[2025-12-25 12:50:58] | УСПЕШНЫЙ ВХОД (по паролю) | VladimirKhudyakov@admin.local | Неизвестно
[2025-12-25 12:50:58] | ДОСТУП РАЗРЕШЕН      | VladimirKhudyakov@admin.local | Неизвестно
[2025-12-25 12:51:20] | ОТКРЫЛ ИЗБРАННОЕ     | VladimirKhudyakov@admin.local | Неизвестно
[2025-12-25 12:52:02] | ОТКРЫЛ ИЗБРАННОЕ     | VladimirKhudyakov@admin.local | Неизвестно
[2025-12-25 12:52:07] | ОТКРЫЛ ПОДПИСКИ      | VladimirKhudyakov@admin.local | Неизвестно
[2025-12-25 12:52:12] | ОТКРЫЛ УВЕДОМЛЕНИЯ   | VladimirKhudyakov@admin.local | Неизвестно
[2025-12-25 12:52:16] | ОТКРЫЛ РАЗДЕЛ ПРОДАЖ | VladimirKhudyakov@admin.local | Неизвестно
[2025-12-25 12:52:32] | СОЗДАЛ ОБЪЯВЛЕНИЕ    | VladimirKhudyakov@admin.local | nissan x trail 2012
[2025-12-25 12:52:32] | ОТКРЫЛ РАЗДЕЛ ПРОДАЖ | VladimirKhudyakov@admin.local | Неизвестно
[2025-12-25 12:52:36] | ОТКРЫЛ ОБЪЯВЛЕНИЕ    | VladimirKhudyakov@admin.local | ID 3
[2025-12-25 12:53:05] | ДОСТУП РАЗРЕШЕН      | VladimirKhudyakov@admin.local | Неизвестно
[2025-12-25 12:53:18] | ОТКРЫЛ ПРОФИЛЬ       | VladimirKhudyakov@admin.local | Неизвестно
[2025-12-25 12:53:41] | АДМИН ВОШЁЛ          | ADMIN:VladimirKhudyakov   | Неизвестно
[2025-12-25 12:53:41] | ОТКРЫЛ ПАНЕЛЬ        | ADMIN:VladimirKhudyakov   | Неизвестно
[2025-12-25 12:54:13] | УДАЛИЛ ПОСТ ID 7     | ADMIN:VladimirKhudyakov   | Неизвестно
[2025-12-25 12:54:13] | ОТКРЫЛ ПАНЕЛЬ        | ADMIN:VladimirKhudyakov   | Неизвестно
[2025-12-25 12:54:20] | УДАЛИЛ ОБЪЯВЛЕНИЕ ID 3 | ADMIN:VladimirKhudyakov   | Неизвестно
[2025-12-25 12:54:20] | ОТКРЫЛ ПАНЕЛЬ        | ADMIN:VladimirKhudyakov   | Неизвестно
[2025-12-25 12:55:24] | ИЗМЕНИЛ РАНГ VladimirKhudyakov@admin.local на Высшая Администрация (причина: здравсвуйте. Вы были повышены Высшей админом VladimirKhudyakov!По решению высшей адм. Хорошего дня) | ADMIN:VladimirKhudyakov   | Неизвестно
[2025-12-25 12:55:25] | ОТКРЫЛ ПАНЕЛЬ        | ADMIN:VladimirKhudyakov   | Неизвестно
[2025-12-25 12:55:28] | ДОСТУП РАЗРЕШЕН      | VladimirKhudyakov@admin.local | Неизвестно
[2025-12-25 12:55:41] | ДОСТУП РАЗРЕШЕН      | VladimirKhudyakov@admin.local | Неизвестно
[2026-01-14 07:51:55] | УСПЕШНЫЙ ВХОД (по паролю) | VladimirKhudyakov@admin.local | Неизвестно
[2026-01-14 07:51:55] | ДОСТУП РАЗРЕШЕН      | VladimirKhudyakov@admin.local | Неизвестно
[2026-01-14 15:47:17] | УСПЕШНЫЙ ВХОД (по паролю) | VladimirKhudyakov@admin.local | Неизвестно
[2026-01-14 15:47:17] | ДОСТУП РАЗРЕШЕН      | VladimirKhudyakov@admin.local | Неизвестно
[2026-01-17 21:36:05] | РЕГИСТРАЦИЯ          | 123@123.com               | Неизвестно
[2026-01-17 21:36:05] | ДОСТУП РАЗРЕШЕН      | 123@123.com               | Неизвестно
